<?xml version="1.0" encoding="UTF-8"?>
<testsuite xmlns:xsi="http://www.w3.org/2001/XMLSchema-instance" xsi:noNamespaceSchemaLocation="https://maven.apache.org/surefire/maven-surefire-plugin/xsd/surefire-test-report-3.0.xsd" version="3.0" name="FileServiceTest" time="0.036" tests="5" errors="0" skipped="0" failures="0">
  <properties>
[...]
</properties>
  <testcase name="testSaveAndLoadContracts" classname="FileServiceTest" time="0.004">
    <system-out><![CDATA[09:00:20.119 [main] DEBUG - Контрактів збережено - Кількість: 1
]]></system-out>
  </testcase>
  <testcase name="testLoadAll" classname="FileServiceTest" time="0.012">
    <system-out><![CDATA[09:00:20.125 [main] DEBUG - Початок завантаження всіх даних
09:00:20.128 [main] DEBUG - Клієнтів завантажено - Кількість: 0
09:00:20.129 [main] DEBUG - Деривативів завантажено - Кількість: 0
09:00:20.131 [main] DEBUG - Контрактів завантажено - Кількість: 1
09:00:20.132 [main] DEBUG - Вимог завантажено - Кількість: 1
09:00:20.133 [main] INFO  - Дані завантажено - Клієнтів: 0, Деривативів: 0, Контрактів: 1, Вимог: 1
Дані успішно завантажено з файлів.
]]></system-out>
  </testcase>
  <testcase name="testSaveAndLoadCustomers" classname="FileServiceTest" time="0.003">
    <system-out><![CDATA[09:00:20.137 [main] DEBUG - Клієнтів збережено - Кількість: 2
]]></system-out>
  </testcase>
  <testcase name="testSaveAndLoadClaims" classname="FileServiceTest" time="0.003">
    <system-out><![CDATA[09:00:20.146 [main] DEBUG - Вимог збережено - Кількість: 1
]]></system-out>
  </testcase>
  <testcase name="testSaveAndLoadDerivatives" classname="FileServiceTest" time="0.003">
    <system-out><![CDATA[09:00:20.150 [main] DEBUG - Деривативів збережено - Кількість: 1
]]></system-out>
  </testcase>
</testsuite>