<?xml version="1.0" encoding="UTF-8"?>
<testsuite xmlns:xsi="http://www.w3.org/2001/XMLSchema-instance" xsi:noNamespaceSchemaLocation="https://maven.apache.org/surefire/maven-surefire-plugin/xsd/surefire-test-report-3.0.xsd" version="3.0" name="AdditionalCoverageTest" time="0.085" tests="9" errors="0" skipped="0" failures="0">
  <properties>
[...]
</properties>
  <testcase name="testDerivativeAdditionalMethods" classname="AdditionalCoverageTest" time="0.003"/>
  <testcase name="testClaimInputMethods" classname="AdditionalCoverageTest" time="0.029">
    <system-out><![CDATA[Введіть суму
]]></system-out>
  </testcase>
  <testcase name="testCompanyAgent" classname="AdditionalCoverageTest" time="0.001"/>
  <testcase name="testFileServiceEdgeCases" classname="AdditionalCoverageTest" time="0.016">
    <system-out><![CDATA[09:00:19.863 [main] DEBUG - Клієнтів збережено - Кількість: 0
09:00:19.865 [main] DEBUG - Контрактів збережено - Кількість: 0
09:00:19.867 [main] DEBUG - Вимог збережено - Кількість: 0
09:00:19.869 [main] DEBUG - Деривативів збережено - Кількість: 0
]]></system-out>
  </testcase>
  <testcase name="testContractInputMethods" classname="AdditionalCoverageTest" time="0.009">
    <system-out><![CDATA[Введіть дату(формат дд.мм.рррр):
]]></system-out>
  </testcase>
  <testcase name="testCustomerInputMethods" classname="AdditionalCoverageTest" time="0.003">
    <system-out><![CDATA[Введіть телефон
]]></system-out>
  </testcase>
  <testcase name="testRiskLevelCoverage" classname="AdditionalCoverageTest" time="0.002"/>
  <testcase name="testClaimEdgeCases" classname="AdditionalCoverageTest" time="0.002"/>
  <testcase name="testContractEdgeCases" classname="AdditionalCoverageTest" time="0.003"/>
</testsuite>